# JRE version: Java(TM) SE Runtime Environment (8.0_05-b13) (build 1.8.0_05-b13)
# Java VM: Java HotSpot(TM) 64-Bit Server VM (25.5-b02 mixed mode linux-amd64 compressed oops)
Heap:
 def new generation   total 249024K, used 23924K [0x00000000a2400000, 0x00000000b3230000, 0x00000000c1800000)
  eden space 221376K,  10% used [0x00000000a2400000, 0x00000000a3b570f0, 0x00000000afc30000)
  from space 27648K,   0% used [0x00000000afc30000, 0x00000000afc361b0, 0x00000000b1730000)
  to   space 27648K,   0% used [0x00000000b1730000, 0x00000000b1730000, 0x00000000b3230000)
 tenured generation   total 553292K, used 516830K [0x00000000c1800000, 0x00000000e3453000, 0x0000000100000000)
   the space 553292K,  93% used [0x00000000c1800000, 0x00000000e10b7a28, 0x00000000e10b7c00, 0x00000000e3453000)
 Metaspace       used 67494K, capacity 69260K, committed 69424K, reserved 1110016K
  class space    used 8511K, capacity 8886K, committed 9008K, reserved 1048576K
GC Heap History (10 events):
Event: 8806.730 GC heap before
{Heap before GC invocations=496 (full 5):
 def new generation   total 249024K, used 233746K [0x00000000a2400000, 0x00000000b3230000, 0x00000000c1800000)
  eden space 221376K, 100% used [0x00000000a2400000, 0x00000000afc30000, 0x00000000afc30000)
  from space 27648K,  44% used [0x00000000b1730000, 0x00000000b2344990, 0x00000000b3230000)
  to   space 27648K,   0% used [0x00000000afc30000, 0x00000000afc30000, 0x00000000b1730000)
 tenured generation   total 553292K, used 504016K [0x00000000c1800000, 0x00000000e3453000, 0x0000000100000000)
   the space 553292K,  91% used [0x00000000c1800000, 0x00000000e0434138, 0x00000000e0434200, 0x00000000e3453000)
 Metaspace       used 67466K, capacity 69260K, committed 69424K, reserved 1110016K
  class space    used 8510K, capacity 8886K, committed 9008K, reserved 1048576K
Event: 8806.746 GC heap after
Heap after GC invocations=497 (full 5):
 def new generation   total 249024K, used 12710K [0x00000000a2400000, 0x00000000b3230000, 0x00000000c1800000)
  eden space 221376K,   0% used [0x00000000a2400000, 0x00000000a2400000, 0x00000000afc30000)
  from space 27648K,  45% used [0x00000000afc30000, 0x00000000b0899a98, 0x00000000b1730000)
  to   space 27648K,   0% used [0x00000000b1730000, 0x00000000b1730000, 0x00000000b3230000)
 tenured generation   total 553292K, used 504016K [0x00000000c1800000, 0x00000000e3453000, 0x0000000100000000)
   the space 553292K,  91% used [0x00000000c1800000, 0x00000000e0434138, 0x00000000e0434200, 0x00000000e3453000)
 Metaspace       used 67466K, capacity 69260K, committed 69424K, reserved 1110016K
  class space    used 8510K, capacity 8886K, committed 9008K, reserved 1048576K
}
Event: 8806.863 GC heap before
{Heap before GC invocations=497 (full 5):
 def new generation   total 249024K, used 234086K [0x00000000a2400000, 0x00000000b3230000, 0x00000000c1800000)
  eden space 221376K, 100% used [0x00000000a2400000, 0x00000000afc30000, 0x00000000afc30000)
  from space 27648K,  45% used [0x00000000afc30000, 0x00000000b0899a98, 0x00000000b1730000)
  to   space 27648K,   0% used [0x00000000b1730000, 0x00000000b1730000, 0x00000000b3230000)
 tenured generation   total 553292K, used 504016K [0x00000000c1800000, 0x00000000e3453000, 0x0000000100000000)
   the space 553292K,  91% used [0x00000000c1800000, 0x00000000e0434138, 0x00000000e0434200, 0x00000000e3453000)
 Metaspace       used 67479K, capacity 69260K, committed 69424K, reserved 1110016K
  class space    used 8510K, capacity 8886K, committed 9008K, reserved 1048576K
Event: 8806.888 GC heap after
Heap after GC invocations=498 (full 5):
 def new generation   total 249024K, used 23125K [0x00000000a2400000, 0x00000000b3230000, 0x00000000c1800000)
  eden space 221376K,   0% used [0x00000000a2400000, 0x00000000a2400000, 0x00000000afc30000)
  from space 27648K,  83% used [0x00000000b1730000, 0x00000000b2dc54d0, 0x00000000b3230000)
  to   space 27648K,   0% used [0x00000000afc30000, 0x00000000afc30000, 0x00000000b1730000)
 tenured generation   total 553292K, used 504016K [0x00000000c1800000, 0x00000000e3453000, 0x0000000100000000)
   the space 553292K,  91% used [0x00000000c1800000, 0x00000000e0434138, 0x00000000e0434200, 0x00000000e3453000)
 Metaspace       used 67479K, capacity 69260K, committed 69424K, reserved 1110016K
  class space    used 8510K, capacity 8886K, committed 9008K, reserved 1048576K
}
Event: 8806.971 GC heap before
{Heap before GC invocations=498 (full 5):
 def new generation   total 249024K, used 244501K [0x00000000a2400000, 0x00000000b3230000, 0x00000000c1800000)
  eden space 221376K, 100% used [0x00000000a2400000, 0x00000000afc30000, 0x00000000afc30000)
  from space 27648K,  83% used [0x00000000b1730000, 0x00000000b2dc54d0, 0x00000000b3230000)
  to   space 27648K,   0% used [0x00000000afc30000, 0x00000000afc30000, 0x00000000b1730000)
 tenured generation   total 553292K, used 504016K [0x00000000c1800000, 0x00000000e3453000, 0x0000000100000000)
   the space 553292K,  91% used [0x00000000c1800000, 0x00000000e0434138, 0x00000000e0434200, 0x00000000e3453000)
 Metaspace       used 67482K, capacity 69260K, committed 69424K, reserved 1110016K
  class space    used 8510K, capacity 8886K, committed 9008K, reserved 1048576K
Event: 8807.010 GC heap after
Heap after GC invocations=499 (full 5):
 def new generation   total 249024K, used 11900K [0x00000000a2400000, 0x00000000b3230000, 0x00000000c1800000)
  eden space 221376K,   0% used [0x00000000a2400000, 0x00000000a2400000, 0x00000000afc30000)
  from space 27648K,  43% used [0x00000000afc30000, 0x00000000b07cf200, 0x00000000b1730000)
  to   space 27648K,   0% used [0x00000000b1730000, 0x00000000b1730000, 0x00000000b3230000)
 tenured generation   total 553292K, used 515980K [0x00000000c1800000, 0x00000000e3453000, 0x0000000100000000)
   the space 553292K,  93% used [0x00000000c1800000, 0x00000000e0fe32e8, 0x00000000e0fe3400, 0x00000000e3453000)
 Metaspace       used 67482K, capacity 69260K, committed 69424K, reserved 1110016K
  class space    used 8510K, capacity 8886K, committed 9008K, reserved 1048576K
}
Event: 8807.047 GC heap before
{Heap before GC invocations=499 (full 5):
 def new generation   total 249024K, used 233276K [0x00000000a2400000, 0x00000000b3230000, 0x00000000c1800000)
  eden space 221376K, 100% used [0x00000000a2400000, 0x00000000afc30000, 0x00000000afc30000)
  from space 27648K,  43% used [0x00000000afc30000, 0x00000000b07cf200, 0x00000000b1730000)
  to   space 27648K,   0% used [0x00000000b1730000, 0x00000000b1730000, 0x00000000b3230000)
 tenured generation   total 553292K, used 515980K [0x00000000c1800000, 0x00000000e3453000, 0x0000000100000000)
   the space 553292K,  93% used [0x00000000c1800000, 0x00000000e0fe32e8, 0x00000000e0fe3400, 0x00000000e3453000)
 Metaspace       used 67482K, capacity 69260K, committed 69424K, reserved 1110016K
  class space    used 8510K, capacity 8886K, committed 9008K, reserved 1048576K
Event: 8807.073 GC heap after
Heap after GC invocations=500 (full 5):
 def new generation   total 249024K, used 20697K [0x00000000a2400000, 0x00000000b3230000, 0x00000000c1800000)
  eden space 221376K,   0% used [0x00000000a2400000, 0x00000000a2400000, 0x00000000afc30000)
  from space 27648K,  74% used [0x00000000b1730000, 0x00000000b2b665b8, 0x00000000b3230000)
  to   space 27648K,   0% used [0x00000000afc30000, 0x00000000afc30000, 0x00000000b1730000)
 tenured generation   total 553292K, used 515980K [0x00000000c1800000, 0x00000000e3453000, 0x0000000100000000)
   the space 553292K,  93% used [0x00000000c1800000, 0x00000000e0fe32e8, 0x00000000e0fe3400, 0x00000000e3453000)
 Metaspace       used 67482K, capacity 69260K, committed 69424K, reserved 1110016K
  class space    used 8510K, capacity 8886K, committed 9008K, reserved 1048576K
}
Event: 8807.139 GC heap before
{Heap before GC invocations=500 (full 5):
 def new generation   total 249024K, used 242073K [0x00000000a2400000, 0x00000000b3230000, 0x00000000c1800000)
  eden space 221376K, 100% used [0x00000000a2400000, 0x00000000afc30000, 0x00000000afc30000)
  from space 27648K,  74% used [0x00000000b1730000, 0x00000000b2b665b8, 0x00000000b3230000)
  to   space 27648K,   0% used [0x00000000afc30000, 0x00000000afc30000, 0x00000000b1730000)
 tenured generation   total 553292K, used 515980K [0x00000000c1800000, 0x00000000e3453000, 0x0000000100000000)
   the space 553292K,  93% used [0x00000000c1800000, 0x00000000e0fe32e8, 0x00000000e0fe3400, 0x00000000e3453000)
 Metaspace       used 67482K, capacity 69260K, committed 69424K, reserved 1110016K
  class space    used 8510K, capacity 8886K, committed 9008K, reserved 1048576K
Event: 8807.145 GC heap after
Heap after GC invocations=501 (full 5):
 def new generation   total 249024K, used 24K [0x00000000a2400000, 0x00000000b3230000, 0x00000000c1800000)
  eden space 221376K,   0% used [0x00000000a2400000, 0x00000000a2400000, 0x00000000afc30000)
  from space 27648K,   0% used [0x00000000afc30000, 0x00000000afc361b0, 0x00000000b1730000)
  to   space 27648K,   0% used [0x00000000b1730000, 0x00000000b1730000, 0x00000000b3230000)
 tenured generation   total 553292K, used 516830K [0x00000000c1800000, 0x00000000e3453000, 0x0000000100000000)
   the space 553292K,  93% used [0x00000000c1800000, 0x00000000e10b7a28, 0x00000000e10b7c00, 0x00000000e3453000)
 Metaspace       used 67482K, capacity 69260K, committed 69424K, reserved 1110016K
  class space    used 8510K, capacity 8886K, committed 9008K, reserved 1048576K
}

