# JRE version: Java(TM) SE Runtime Environment (8.0_05-b13) (build 1.8.0_05-b13)
# Java VM: Java HotSpot(TM) 64-Bit Server VM (25.5-b02 mixed mode linux-amd64 compressed oops)
Heap:
 def new generation   total 114688K, used 67915K [0x00000000a2400000, 0x00000000aa070000, 0x00000000c1800000)
  eden space 101952K,  62% used [0x00000000a2400000, 0x00000000a6220fa8, 0x00000000a8790000)
  from space 12736K,  33% used [0x00000000a9400000, 0x00000000a9831e78, 0x00000000aa070000)
  to   space 12736K,   0% used [0x00000000a8790000, 0x00000000a8790000, 0x00000000a9400000)
 tenured generation   total 254720K, used 90265K [0x00000000c1800000, 0x00000000d10c0000, 0x0000000100000000)
   the space 254720K,  35% used [0x00000000c1800000, 0x00000000c7026410, 0x00000000c7026600, 0x00000000d10c0000)
 Metaspace       used 35376K, capacity 36812K, committed 36876K, reserved 1081344K
  class space    used 3858K, capacity 4191K, committed 4224K, reserved 1048576K
GC Heap History (10 events):
Event: 46.211 GC heap before
{Heap before GC invocations=1237 (full 2):
 def new generation   total 114688K, used 109176K [0x00000000a2400000, 0x00000000aa070000, 0x00000000c1800000)
  eden space 101952K, 100% used [0x00000000a2400000, 0x00000000a8790000, 0x00000000a8790000)
  from space 12736K,  56% used [0x00000000a8790000, 0x00000000a8e9e190, 0x00000000a9400000)
  to   space 12736K,   0% used [0x00000000a9400000, 0x00000000a9400000, 0x00000000aa070000)
 tenured generation   total 254720K, used 76989K [0x00000000c1800000, 0x00000000d10c0000, 0x0000000100000000)
   the space 254720K,  30% used [0x00000000c1800000, 0x00000000c632f4c8, 0x00000000c632f600, 0x00000000d10c0000)
 Metaspace       used 35275K, capacity 36748K, committed 36876K, reserved 1081344K
  class space    used 3855K, capacity 4191K, committed 4224K, reserved 1048576K
Event: 46.225 GC heap after
Heap after GC invocations=1238 (full 2):
 def new generation   total 114688K, used 6298K [0x00000000a2400000, 0x00000000aa070000, 0x00000000c1800000)
  eden space 101952K,   0% used [0x00000000a2400000, 0x00000000a2400000, 0x00000000a8790000)
  from space 12736K,  49% used [0x00000000a9400000, 0x00000000a9a26a70, 0x00000000aa070000)
  to   space 12736K,   0% used [0x00000000a8790000, 0x00000000a8790000, 0x00000000a9400000)
 tenured generation   total 254720K, used 79220K [0x00000000c1800000, 0x00000000d10c0000, 0x0000000100000000)
   the space 254720K,  31% used [0x00000000c1800000, 0x00000000c655d150, 0x00000000c655d200, 0x00000000d10c0000)
 Metaspace       used 35275K, capacity 36748K, committed 36876K, reserved 1081344K
  class space    used 3855K, capacity 4191K, committed 4224K, reserved 1048576K
}
Event: 46.514 GC heap before
{Heap before GC invocations=1238 (full 2):
 def new generation   total 114688K, used 108250K [0x00000000a2400000, 0x00000000aa070000, 0x00000000c1800000)
  eden space 101952K, 100% used [0x00000000a2400000, 0x00000000a8790000, 0x00000000a8790000)
  from space 12736K,  49% used [0x00000000a9400000, 0x00000000a9a26a70, 0x00000000aa070000)
  to   space 12736K,   0% used [0x00000000a8790000, 0x00000000a8790000, 0x00000000a9400000)
 tenured generation   total 254720K, used 79220K [0x00000000c1800000, 0x00000000d10c0000, 0x0000000100000000)
   the space 254720K,  31% used [0x00000000c1800000, 0x00000000c655d150, 0x00000000c655d200, 0x00000000d10c0000)
 Metaspace       used 35275K, capacity 36748K, committed 36876K, reserved 1081344K
  class space    used 3855K, capacity 4191K, committed 4224K, reserved 1048576K
Event: 46.528 GC heap after
Heap after GC invocations=1239 (full 2):
 def new generation   total 114688K, used 8327K [0x00000000a2400000, 0x00000000aa070000, 0x00000000c1800000)
  eden space 101952K,   0% used [0x00000000a2400000, 0x00000000a2400000, 0x00000000a8790000)
  from space 12736K,  65% used [0x00000000a8790000, 0x00000000a8fb1d40, 0x00000000a9400000)
  to   space 12736K,   0% used [0x00000000a9400000, 0x00000000a9400000, 0x00000000aa070000)
 tenured generation   total 254720K, used 79220K [0x00000000c1800000, 0x00000000d10c0000, 0x0000000100000000)
   the space 254720K,  31% used [0x00000000c1800000, 0x00000000c655d150, 0x00000000c655d200, 0x00000000d10c0000)
 Metaspace       used 35275K, capacity 36748K, committed 36876K, reserved 1081344K
  class space    used 3855K, capacity 4191K, committed 4224K, reserved 1048576K
}
Event: 46.703 GC heap before
{Heap before GC invocations=1239 (full 2):
 def new generation   total 114688K, used 110279K [0x00000000a2400000, 0x00000000aa070000, 0x00000000c1800000)
  eden space 101952K, 100% used [0x00000000a2400000, 0x00000000a8790000, 0x00000000a8790000)
  from space 12736K,  65% used [0x00000000a8790000, 0x00000000a8fb1d40, 0x00000000a9400000)
  to   space 12736K,   0% used [0x00000000a9400000, 0x00000000a9400000, 0x00000000aa070000)
 tenured generation   total 254720K, used 79220K [0x00000000c1800000, 0x00000000d10c0000, 0x0000000100000000)
   the space 254720K,  31% used [0x00000000c1800000, 0x00000000c655d150, 0x00000000c655d200, 0x00000000d10c0000)
 Metaspace       used 35275K, capacity 36748K, committed 36876K, reserved 1081344K
  class space    used 3855K, capacity 4191K, committed 4224K, reserved 1048576K
Event: 46.722 GC heap after
Heap after GC invocations=1240 (full 2):
 def new generation   total 114688K, used 7485K [0x00000000a2400000, 0x00000000aa070000, 0x00000000c1800000)
  eden space 101952K,   0% used [0x00000000a2400000, 0x00000000a2400000, 0x00000000a8790000)
  from space 12736K,  58% used [0x00000000a9400000, 0x00000000a9b4f728, 0x00000000aa070000)
  to   space 12736K,   0% used [0x00000000a8790000, 0x00000000a8790000, 0x00000000a9400000)
 tenured generation   total 254720K, used 82889K [0x00000000c1800000, 0x00000000d10c0000, 0x0000000100000000)
   the space 254720K,  32% used [0x00000000c1800000, 0x00000000c68f25e8, 0x00000000c68f2600, 0x00000000d10c0000)
 Metaspace       used 35275K, capacity 36748K, committed 36876K, reserved 1081344K
  class space    used 3855K, capacity 4191K, committed 4224K, reserved 1048576K
}
Event: 47.025 GC heap before
{Heap before GC invocations=1240 (full 2):
 def new generation   total 114688K, used 109437K [0x00000000a2400000, 0x00000000aa070000, 0x00000000c1800000)
  eden space 101952K, 100% used [0x00000000a2400000, 0x00000000a8790000, 0x00000000a8790000)
  from space 12736K,  58% used [0x00000000a9400000, 0x00000000a9b4f728, 0x00000000aa070000)
  to   space 12736K,   0% used [0x00000000a8790000, 0x00000000a8790000, 0x00000000a9400000)
 tenured generation   total 254720K, used 82889K [0x00000000c1800000, 0x00000000d10c0000, 0x0000000100000000)
   the space 254720K,  32% used [0x00000000c1800000, 0x00000000c68f25e8, 0x00000000c68f2600, 0x00000000d10c0000)
 Metaspace       used 35315K, capacity 36748K, committed 36876K, reserved 1081344K
  class space    used 3855K, capacity 4191K, committed 4224K, reserved 1048576K
Event: 47.048 GC heap after
Heap after GC invocations=1241 (full 2):
 def new generation   total 114688K, used 9646K [0x00000000a2400000, 0x00000000aa070000, 0x00000000c1800000)
  eden space 101952K,   0% used [0x00000000a2400000, 0x00000000a2400000, 0x00000000a8790000)
  from space 12736K,  75% used [0x00000000a8790000, 0x00000000a90fb968, 0x00000000a9400000)
  to   space 12736K,   0% used [0x00000000a9400000, 0x00000000a9400000, 0x00000000aa070000)
 tenured generation   total 254720K, used 85437K [0x00000000c1800000, 0x00000000d10c0000, 0x0000000100000000)
   the space 254720K,  33% used [0x00000000c1800000, 0x00000000c6b6f6d0, 0x00000000c6b6f800, 0x00000000d10c0000)
 Metaspace       used 35315K, capacity 36748K, committed 36876K, reserved 1081344K
  class space    used 3855K, capacity 4191K, committed 4224K, reserved 1048576K
}
Event: 47.446 GC heap before
{Heap before GC invocations=1241 (full 2):
 def new generation   total 114688K, used 111598K [0x00000000a2400000, 0x00000000aa070000, 0x00000000c1800000)
  eden space 101952K, 100% used [0x00000000a2400000, 0x00000000a8790000, 0x00000000a8790000)
  from space 12736K,  75% used [0x00000000a8790000, 0x00000000a90fb968, 0x00000000a9400000)
  to   space 12736K,   0% used [0x00000000a9400000, 0x00000000a9400000, 0x00000000aa070000)
 tenured generation   total 254720K, used 85437K [0x00000000c1800000, 0x00000000d10c0000, 0x0000000100000000)
   the space 254720K,  33% used [0x00000000c1800000, 0x00000000c6b6f6d0, 0x00000000c6b6f800, 0x00000000d10c0000)
 Metaspace       used 35357K, capacity 36812K, committed 36876K, reserved 1081344K
  class space    used 3855K, capacity 4191K, committed 4224K, reserved 1048576K
Event: 47.473 GC heap after
Heap after GC invocations=1242 (full 2):
 def new generation   total 114688K, used 4295K [0x00000000a2400000, 0x00000000aa070000, 0x00000000c1800000)
  eden space 101952K,   0% used [0x00000000a2400000, 0x00000000a2400000, 0x00000000a8790000)
  from space 12736K,  33% used [0x00000000a9400000, 0x00000000a9831e78, 0x00000000aa070000)
  to   space 12736K,   0% used [0x00000000a8790000, 0x00000000a8790000, 0x00000000a9400000)
 tenured generation   total 254720K, used 90265K [0x00000000c1800000, 0x00000000d10c0000, 0x0000000100000000)
   the space 254720K,  35% used [0x00000000c1800000, 0x00000000c7026410, 0x00000000c7026600, 0x00000000d10c0000)
 Metaspace       used 35357K, capacity 36812K, committed 36876K, reserved 1081344K
  class space    used 3855K, capacity 4191K, committed 4224K, reserved 1048576K
}

