# JRE version: Java(TM) SE Runtime Environment (8.0_05-b13) (build 1.8.0_05-b13)
# Java VM: Java HotSpot(TM) 64-Bit Server VM (25.5-b02 mixed mode linux-amd64 compressed oops)
Heap:
 def new generation   total 111040K, used 59759K [0x00000000a2400000, 0x00000000a9c70000, 0x00000000c1800000)
  eden space 98752K,  56% used [0x00000000a2400000, 0x00000000a5a8e380, 0x00000000a8470000)
  from space 12288K,  31% used [0x00000000a8470000, 0x00000000a883dbb0, 0x00000000a9070000)
  to   space 12288K,   0% used [0x00000000a9070000, 0x00000000a9070000, 0x00000000a9c70000)
 tenured generation   total 246528K, used 61703K [0x00000000c1800000, 0x00000000d08c0000, 0x0000000100000000)
   the space 246528K,  25% used [0x00000000c1800000, 0x00000000c5441f18, 0x00000000c5442000, 0x00000000d08c0000)
 Metaspace       used 52870K, capacity 54216K, committed 54320K, reserved 1095680K
  class space    used 7107K, capacity 7390K, committed 7472K, reserved 1048576K
GC Heap History (10 events):
Event: 19.612 GC heap before
{Heap before GC invocations=185 (full 2):
 def new generation   total 111040K, used 104202K [0x00000000a2400000, 0x00000000a9c70000, 0x00000000c1800000)
  eden space 98752K, 100% used [0x00000000a2400000, 0x00000000a8470000, 0x00000000a8470000)
  from space 12288K,  44% used [0x00000000a9070000, 0x00000000a95c2818, 0x00000000a9c70000)
  to   space 12288K,   0% used [0x00000000a8470000, 0x00000000a8470000, 0x00000000a9070000)
 tenured generation   total 246528K, used 55156K [0x00000000c1800000, 0x00000000d08c0000, 0x0000000100000000)
   the space 246528K,  22% used [0x00000000c1800000, 0x00000000c4ddd208, 0x00000000c4ddd400, 0x00000000d08c0000)
 Metaspace       used 50273K, capacity 51616K, committed 51888K, reserved 1093632K
  class space    used 6933K, capacity 7218K, committed 7344K, reserved 1048576K
Event: 19.632 GC heap after
Heap after GC invocations=186 (full 2):
 def new generation   total 111040K, used 7398K [0x00000000a2400000, 0x00000000a9c70000, 0x00000000c1800000)
  eden space 98752K,   0% used [0x00000000a2400000, 0x00000000a2400000, 0x00000000a8470000)
  from space 12288K,  60% used [0x00000000a8470000, 0x00000000a8ba9bd8, 0x00000000a9070000)
  to   space 12288K,   0% used [0x00000000a9070000, 0x00000000a9070000, 0x00000000a9c70000)
 tenured generation   total 246528K, used 55156K [0x00000000c1800000, 0x00000000d08c0000, 0x0000000100000000)
   the space 246528K,  22% used [0x00000000c1800000, 0x00000000c4ddd208, 0x00000000c4ddd400, 0x00000000d08c0000)
 Metaspace       used 50273K, capacity 51616K, committed 51888K, reserved 1093632K
  class space    used 6933K, capacity 7218K, committed 7344K, reserved 1048576K
}
Event: 151.450 GC heap before
{Heap before GC invocations=186 (full 2):
 def new generation   total 111040K, used 106150K [0x00000000a2400000, 0x00000000a9c70000, 0x00000000c1800000)
  eden space 98752K, 100% used [0x00000000a2400000, 0x00000000a8470000, 0x00000000a8470000)
  from space 12288K,  60% used [0x00000000a8470000, 0x00000000a8ba9bd8, 0x00000000a9070000)
  to   space 12288K,   0% used [0x00000000a9070000, 0x00000000a9070000, 0x00000000a9c70000)
 tenured generation   total 246528K, used 55156K [0x00000000c1800000, 0x00000000d08c0000, 0x0000000100000000)
   the space 246528K,  22% used [0x00000000c1800000, 0x00000000c4ddd208, 0x00000000c4ddd400, 0x00000000d08c0000)
 Metaspace       used 51525K, capacity 52812K, committed 52912K, reserved 1095680K
  class space    used 7030K, capacity 7316K, committed 7344K, reserved 1048576K
Event: 151.499 GC heap after
Heap after GC invocations=187 (full 2):
 def new generation   total 111040K, used 5286K [0x00000000a2400000, 0x00000000a9c70000, 0x00000000c1800000)
  eden space 98752K,   0% used [0x00000000a2400000, 0x00000000a2400000, 0x00000000a8470000)
  from space 12288K,  43% used [0x00000000a9070000, 0x00000000a9599ba8, 0x00000000a9c70000)
  to   space 12288K,   0% used [0x00000000a8470000, 0x00000000a8470000, 0x00000000a9070000)
 tenured generation   total 246528K, used 59413K [0x00000000c1800000, 0x00000000d08c0000, 0x0000000100000000)
   the space 246528K,  24% used [0x00000000c1800000, 0x00000000c5205790, 0x00000000c5205800, 0x00000000d08c0000)
 Metaspace       used 51525K, capacity 52812K, committed 52912K, reserved 1095680K
  class space    used 7030K, capacity 7316K, committed 7344K, reserved 1048576K
}
Event: 1012.213 GC heap before
{Heap before GC invocations=187 (full 2):
 def new generation   total 111040K, used 104038K [0x00000000a2400000, 0x00000000a9c70000, 0x00000000c1800000)
  eden space 98752K, 100% used [0x00000000a2400000, 0x00000000a8470000, 0x00000000a8470000)
  from space 12288K,  43% used [0x00000000a9070000, 0x00000000a9599ba8, 0x00000000a9c70000)
  to   space 12288K,   0% used [0x00000000a8470000, 0x00000000a8470000, 0x00000000a9070000)
 tenured generation   total 246528K, used 59413K [0x00000000c1800000, 0x00000000d08c0000, 0x0000000100000000)
   the space 246528K,  24% used [0x00000000c1800000, 0x00000000c5205790, 0x00000000c5205800, 0x00000000d08c0000)
 Metaspace       used 51937K, capacity 53214K, committed 53424K, reserved 1095680K
  class space    used 7057K, capacity 7319K, committed 7344K, reserved 1048576K
Event: 1012.225 GC heap after
Heap after GC invocations=188 (full 2):
 def new generation   total 111040K, used 5094K [0x00000000a2400000, 0x00000000a9c70000, 0x00000000c1800000)
  eden space 98752K,   0% used [0x00000000a2400000, 0x00000000a2400000, 0x00000000a8470000)
  from space 12288K,  41% used [0x00000000a8470000, 0x00000000a8969bb0, 0x00000000a9070000)
  to   space 12288K,   0% used [0x00000000a9070000, 0x00000000a9070000, 0x00000000a9c70000)
 tenured generation   total 246528K, used 59413K [0x00000000c1800000, 0x00000000d08c0000, 0x0000000100000000)
   the space 246528K,  24% used [0x00000000c1800000, 0x00000000c5205790, 0x00000000c5205800, 0x00000000d08c0000)
 Metaspace       used 51937K, capacity 53214K, committed 53424K, reserved 1095680K
  class space    used 7057K, capacity 7319K, committed 7344K, reserved 1048576K
}
Event: 1763.699 GC heap before
{Heap before GC invocations=188 (full 2):
 def new generation   total 111040K, used 103846K [0x00000000a2400000, 0x00000000a9c70000, 0x00000000c1800000)
  eden space 98752K, 100% used [0x00000000a2400000, 0x00000000a8470000, 0x00000000a8470000)
  from space 12288K,  41% used [0x00000000a8470000, 0x00000000a8969bb0, 0x00000000a9070000)
  to   space 12288K,   0% used [0x00000000a9070000, 0x00000000a9070000, 0x00000000a9c70000)
 tenured generation   total 246528K, used 59413K [0x00000000c1800000, 0x00000000d08c0000, 0x0000000100000000)
   the space 246528K,  24% used [0x00000000c1800000, 0x00000000c5205790, 0x00000000c5205800, 0x00000000d08c0000)
 Metaspace       used 52531K, capacity 53878K, committed 54064K, reserved 1095680K
  class space    used 7102K, capacity 7387K, committed 7472K, reserved 1048576K
Event: 1763.720 GC heap after
Heap after GC invocations=189 (full 2):
 def new generation   total 111040K, used 7277K [0x00000000a2400000, 0x00000000a9c70000, 0x00000000c1800000)
  eden space 98752K,   0% used [0x00000000a2400000, 0x00000000a2400000, 0x00000000a8470000)
  from space 12288K,  59% used [0x00000000a9070000, 0x00000000a978b7f8, 0x00000000a9c70000)
  to   space 12288K,   0% used [0x00000000a8470000, 0x00000000a8470000, 0x00000000a9070000)
 tenured generation   total 246528K, used 59413K [0x00000000c1800000, 0x00000000d08c0000, 0x0000000100000000)
   the space 246528K,  24% used [0x00000000c1800000, 0x00000000c5205790, 0x00000000c5205800, 0x00000000d08c0000)
 Metaspace       used 52531K, capacity 53878K, committed 54064K, reserved 1095680K
  class space    used 7102K, capacity 7387K, committed 7472K, reserved 1048576K
}
Event: 1924.563 GC heap before
{Heap before GC invocations=189 (full 2):
 def new generation   total 111040K, used 106029K [0x00000000a2400000, 0x00000000a9c70000, 0x00000000c1800000)
  eden space 98752K, 100% used [0x00000000a2400000, 0x00000000a8470000, 0x00000000a8470000)
  from space 12288K,  59% used [0x00000000a9070000, 0x00000000a978b7f8, 0x00000000a9c70000)
  to   space 12288K,   0% used [0x00000000a8470000, 0x00000000a8470000, 0x00000000a9070000)
 tenured generation   total 246528K, used 59413K [0x00000000c1800000, 0x00000000d08c0000, 0x0000000100000000)
   the space 246528K,  24% used [0x00000000c1800000, 0x00000000c5205790, 0x00000000c5205800, 0x00000000d08c0000)
 Metaspace       used 52758K, capacity 54082K, committed 54320K, reserved 1095680K
  class space    used 7107K, capacity 7389K, committed 7472K, reserved 1048576K
Event: 1924.582 GC heap after
Heap after GC invocations=190 (full 2):
 def new generation   total 111040K, used 3894K [0x00000000a2400000, 0x00000000a9c70000, 0x00000000c1800000)
  eden space 98752K,   0% used [0x00000000a2400000, 0x00000000a2400000, 0x00000000a8470000)
  from space 12288K,  31% used [0x00000000a8470000, 0x00000000a883dbb0, 0x00000000a9070000)
  to   space 12288K,   0% used [0x00000000a9070000, 0x00000000a9070000, 0x00000000a9c70000)
 tenured generation   total 246528K, used 61703K [0x00000000c1800000, 0x00000000d08c0000, 0x0000000100000000)
   the space 246528K,  25% used [0x00000000c1800000, 0x00000000c5441f18, 0x00000000c5442000, 0x00000000d08c0000)
 Metaspace       used 52758K, capacity 54082K, committed 54320K, reserved 1095680K
  class space    used 7107K, capacity 7389K, committed 7472K, reserved 1048576K
}

